This is pdfTeX, Version 3.141592653-2.6-1.40.24 (MiKTeX 22.8) (preloaded format=pdflatex 2022.8.17)  27 AUG 2022 11:44
entering extended mode
 restricted \write18 enabled.
 %&-line parsing enabled.
**./Tarea01.tex
(Tarea01.tex
LaTeX2e <2022-06-01> patch level 5
L3 programming layer <2022-08-05>
(C:\Program Files\MiKTeX 2.9\tex/latex/base\article.cls
Document Class: article 2021/10/04 v1.4n Standard LaTeX document class
(C:\Program Files\MiKTeX 2.9\tex/latex/base\size10.clo
File: size10.clo 2021/10/04 v1.4n Standard LaTeX file (size option)
)
\c@part=\count185
\c@section=\count186
\c@subsection=\count187
\c@subsubsection=\count188
\c@paragraph=\count189
\c@subparagraph=\count190
\c@figure=\count191
\c@table=\count192
\abovecaptionskip=\skip47
\belowcaptionskip=\skip48
\bibindent=\dimen138
)
(C:\Program Files\MiKTeX 2.9\tex/latex/base\inputenc.sty
Package: inputenc 2021/02/14 v1.3d Input encoding file
\inpenc@prehook=\toks16
\inpenc@posthook=\toks17
)
(C:\Program Files\MiKTeX 2.9\tex/generic/babel\babel.sty
Package: babel 2022/07/20 3.78 The Babel package
\babel@savecnt=\count193
\U@D=\dimen139
\l@unhyphenated=\language83

(C:\Program Files\MiKTeX 2.9\tex/generic/babel\txtbabel.def)
\bbl@readstream=\read2
\bbl@dirlevel=\count194

*************************************
* Local config file bblopts.cfg used
*
(C:\Program Files\MiKTeX 2.9\tex/latex/arabi\bblopts.cfg
File: bblopts.cfg 2005/09/08 v0.1 add Arabic and Farsi to "declared" options of
 babel
)
(C:\Program Files\MiKTeX 2.9\tex/latex/babel-spanish\spanish.ldf
Language: spanish.ldf 2021/05/27 v5.0q Spanish support from the babel system
\es@quottoks=\toks18
\es@quotdepth=\count195
Package babel Info: Making " an active character on input line 570.
Package babel Info: Making . an active character on input line 675.
Package babel Info: Making < an active character on input line 722.
Package babel Info: Making > an active character on input line 722.
))
(C:\Program Files\MiKTeX 2.9\tex/generic/babel/locale/es\babel-spanish.tex
Package babel Info: Importing font and identification data for spanish
(babel)             from babel-es.ini. Reported on input line 11.
)
(C:\Program Files\MiKTeX 2.9\tex/latex/amsfonts\amsfonts.sty
Package: amsfonts 2013/01/14 v3.01 Basic AMSFonts support
\@emptytoks=\toks19
\symAMSa=\mathgroup4
\symAMSb=\mathgroup5
LaTeX Font Info:    Redeclaring math symbol \hbar on input line 98.
LaTeX Font Info:    Overwriting math alphabet `\mathfrak' in version `bold'
(Font)                  U/euf/m/n --> U/euf/b/n on input line 106.
)
(C:\Program Files\MiKTeX 2.9\tex/latex/amsmath\amsmath.sty
Package: amsmath 2022/04/08 v2.17n AMS math features
\@mathmargin=\skip49

For additional information on amsmath, use the `?' option.
(C:\Program Files\MiKTeX 2.9\tex/latex/amsmath\amstext.sty
Package: amstext 2021/08/26 v2.01 AMS text

(C:\Program Files\MiKTeX 2.9\tex/latex/amsmath\amsgen.sty
File: amsgen.sty 1999/11/30 v2.0 generic functions
\@emptytoks=\toks20
\ex@=\dimen140
))
(C:\Program Files\MiKTeX 2.9\tex/latex/amsmath\amsbsy.sty
Package: amsbsy 1999/11/29 v1.2d Bold Symbols
\pmbraise@=\dimen141
)
(C:\Program Files\MiKTeX 2.9\tex/latex/amsmath\amsopn.sty
Package: amsopn 2022/04/08 v2.04 operator names
)
\inf@bad=\count196
LaTeX Info: Redefining \frac on input line 234.
\uproot@=\count197
\leftroot@=\count198
LaTeX Info: Redefining \overline on input line 399.
LaTeX Info: Redefining \colon on input line 410.
\classnum@=\count199
\DOTSCASE@=\count266
LaTeX Info: Redefining \ldots on input line 496.
LaTeX Info: Redefining \dots on input line 499.
LaTeX Info: Redefining \cdots on input line 620.
\Mathstrutbox@=\box51
\strutbox@=\box52
LaTeX Info: Redefining \big on input line 722.
LaTeX Info: Redefining \Big on input line 723.
LaTeX Info: Redefining \bigg on input line 724.
LaTeX Info: Redefining \Bigg on input line 725.
\big@size=\dimen142
LaTeX Font Info:    Redeclaring font encoding OML on input line 743.
LaTeX Font Info:    Redeclaring font encoding OMS on input line 744.
\macc@depth=\count267
LaTeX Info: Redefining \bmod on input line 905.
LaTeX Info: Redefining \pmod on input line 910.
LaTeX Info: Redefining \smash on input line 940.
LaTeX Info: Redefining \relbar on input line 970.
LaTeX Info: Redefining \Relbar on input line 971.
\c@MaxMatrixCols=\count268
\dotsspace@=\muskip16
\c@parentequation=\count269
\dspbrk@lvl=\count270
\tag@help=\toks21
\row@=\count271
\column@=\count272
\maxfields@=\count273
\andhelp@=\toks22
\eqnshift@=\dimen143
\alignsep@=\dimen144
\tagshift@=\dimen145
\tagwidth@=\dimen146
\totwidth@=\dimen147
\lineht@=\dimen148
\@envbody=\toks23
\multlinegap=\skip50
\multlinetaggap=\skip51
\mathdisplay@stack=\toks24
LaTeX Info: Redefining \[ on input line 2953.
LaTeX Info: Redefining \] on input line 2954.
)
(C:\Program Files\MiKTeX 2.9\tex/latex/geometry\geometry.sty
Package: geometry 2020/01/02 v5.9 Page Geometry

(C:\Program Files\MiKTeX 2.9\tex/latex/graphics\keyval.sty
Package: keyval 2022/05/29 v1.15 key=value parser (DPC)
\KV@toks@=\toks25
)
(C:\Program Files\MiKTeX 2.9\tex/generic/iftex\ifvtex.sty
Package: ifvtex 2019/10/25 v1.7 ifvtex legacy package. Use iftex instead.

(C:\Program Files\MiKTeX 2.9\tex/generic/iftex\iftex.sty
Package: iftex 2022/02/03 v1.0f TeX engine tests
))
\Gm@cnth=\count274
\Gm@cntv=\count275
\c@Gm@tempcnt=\count276
\Gm@bindingoffset=\dimen149
\Gm@wd@mp=\dimen150
\Gm@odd@mp=\dimen151
\Gm@even@mp=\dimen152
\Gm@layoutwidth=\dimen153
\Gm@layoutheight=\dimen154
\Gm@layouthoffset=\dimen155
\Gm@layoutvoffset=\dimen156
\Gm@dimlist=\toks26

(C:\Program Files\MiKTeX 2.9\tex/latex/geometry\geometry.cfg))
(C:\Program Files\MiKTeX 2.9\tex/latex/graphics\graphicx.sty
Package: graphicx 2021/09/16 v1.2d Enhanced LaTeX Graphics (DPC,SPQR)

(C:\Program Files\MiKTeX 2.9\tex/latex/graphics\graphics.sty
Package: graphics 2022/03/10 v1.4e Standard LaTeX Graphics (DPC,SPQR)

(C:\Program Files\MiKTeX 2.9\tex/latex/graphics\trig.sty
Package: trig 2021/08/11 v1.11 sin cos tan (DPC)
)
(C:\Program Files\MiKTeX 2.9\tex/latex/graphics-cfg\graphics.cfg
File: graphics.cfg 2016/06/04 v1.11 sample graphics configuration
)
Package graphics Info: Driver file: pdftex.def on input line 107.

(C:\Program Files\MiKTeX 2.9\tex/latex/graphics-def\pdftex.def
File: pdftex.def 2020/10/05 v1.2a Graphics/color driver for pdftex
))
\Gin@req@height=\dimen157
\Gin@req@width=\dimen158
)
(C:\Program Files\MiKTeX 2.9\tex/latex/caption\caption.sty
Package: caption 2022/03/01 v3.6b Customizing captions (AR)

(C:\Program Files\MiKTeX 2.9\tex/latex/caption\caption3.sty
Package: caption3 2022/03/17 v2.3b caption3 kernel (AR)
\caption@tempdima=\dimen159
\captionmargin=\dimen160
\caption@leftmargin=\dimen161
\caption@rightmargin=\dimen162
\caption@width=\dimen163
\caption@indent=\dimen164
\caption@parindent=\dimen165
\caption@hangindent=\dimen166
Package caption Info: Standard document class detected.
)
\c@caption@flags=\count277
\c@continuedfloat=\count278
)
(C:\Program Files\MiKTeX 2.9\tex/latex/caption\subcaption.sty
Package: subcaption 2022/01/07 v1.5 Sub-captions (AR)
\c@subfigure=\count279
\c@subtable=\count280
)
(C:\Program Files\MiKTeX 2.9\tex/latex/float\float.sty
Package: float 2001/11/08 v1.3d Float enhancements (AL)
\c@float@type=\count281
\float@exts=\toks27
\float@box=\box53
\@float@everytoks=\toks28
\@floatcapt=\box54
)
(C:\Program Files\MiKTeX 2.9\tex/latex/algorithm2e\algorithm2e.sty
Package: algorithm2e 2017/07/18 v5.2 algorithms environments
\c@AlgoLine=\count282

(C:\Program Files\MiKTeX 2.9\tex/latex/base\ifthen.sty
Package: ifthen 2022/04/13 v1.1d Standard LaTeX ifthen package (DPC)
)
\algocf@hangindent=\skip52

(C:\Program Files\MiKTeX 2.9\tex/latex/ifoddpage\ifoddpage.sty
Package: ifoddpage 2016/04/23 v1.1 Conditionals for odd/even page detection
\c@checkoddpage=\count283
)
(C:\Program Files\MiKTeX 2.9\tex/latex/tools\xspace.sty
Package: xspace 2014/10/28 v1.13 Space after command names (DPC,MH)
)
(C:\Program Files\MiKTeX 2.9\tex/latex/relsize\relsize.sty
Package: relsize 2013/03/29 ver 4.1
)
\skiptotal=\skip53
\skiplinenumber=\skip54
\skiprule=\skip55
\skiphlne=\skip56
\skiptext=\skip57
\skiplength=\skip58
\algomargin=\skip59
\skipalgocfslide=\skip60
\algowidth=\dimen167
\inoutsize=\dimen168
\inoutindent=\dimen169
\interspacetitleruled=\dimen170
\interspacealgoruled=\dimen171
\interspacetitleboxruled=\dimen172
\algocf@ruledwidth=\skip61
\algocf@inoutbox=\box55
\algocf@inputbox=\box56
\AlCapSkip=\skip62
\AlCapHSkip=\skip63
\algoskipindent=\skip64
\algocf@nlbox=\box57
\algocf@hangingbox=\box58
\algocf@untilbox=\box59
\algocf@skipuntil=\skip65
\algocf@capbox=\box60
\algocf@lcaptionbox=\skip66
\algoheightruledefault=\skip67
\algoheightrule=\skip68
\algotitleheightruledefault=\skip69
\algotitleheightrule=\skip70
\c@algocfline=\count284
\c@algocfproc=\count285
\c@algocf=\count286
\algocf@algoframe=\box61
\algocf@algobox=\box62
)
(C:\Program Files\MiKTeX 2.9\tex/latex/l3backend\l3backend-pdftex.def
File: l3backend-pdftex.def 2022-08-05 L3 backend support: PDF output (pdfTeX)
\l__color_backend_stack_int=\count287
\l__pdf_internal_box=\box63
)
(D:\Documents\Python\MN\Tarea01\build\Tarea01.aux
LaTeX Info: Redefining \. on input line 10.
LaTeX Info: Redefining \% on input line 10.
)
\openout1 = `Tarea01.aux'.

LaTeX Font Info:    Checking defaults for OML/cmm/m/it on input line 15.
LaTeX Font Info:    ... okay on input line 15.
LaTeX Font Info:    Checking defaults for OMS/cmsy/m/n on input line 15.
LaTeX Font Info:    ... okay on input line 15.
LaTeX Font Info:    Checking defaults for OT1/cmr/m/n on input line 15.
LaTeX Font Info:    ... okay on input line 15.
LaTeX Font Info:    Checking defaults for T1/cmr/m/n on input line 15.
LaTeX Font Info:    ... okay on input line 15.
LaTeX Font Info:    Checking defaults for TS1/cmr/m/n on input line 15.
LaTeX Font Info:    ... okay on input line 15.
LaTeX Font Info:    Checking defaults for OMX/cmex/m/n on input line 15.
LaTeX Font Info:    ... okay on input line 15.
LaTeX Font Info:    Checking defaults for U/cmr/m/n on input line 15.
LaTeX Font Info:    ... okay on input line 15.
LaTeX Info: Redefining \. on input line 15.
LaTeX Info: Redefining \% on input line 15.

*geometry* driver: auto-detecting
*geometry* detected driver: pdftex
*geometry* verbose mode - [ preamble ] result:
* driver: pdftex
* paper: letterpaper
* layout: <same size as paper>
* layoutoffset:(h,v)=(0.0pt,0.0pt)
* modes: 
* h-part:(L,W,R)=(108.405pt, 397.485pt, 108.405pt)
* v-part:(T,H,B)=(108.405pt, 578.15999pt, 108.405pt)
* \paperwidth=614.295pt
* \paperheight=794.96999pt
* \textwidth=397.485pt
* \textheight=578.15999pt
* \oddsidemargin=36.13501pt
* \evensidemargin=36.13501pt
* \topmargin=-0.86499pt
* \headheight=12.0pt
* \headsep=25.0pt
* \topskip=10.0pt
* \footskip=30.0pt
* \marginparwidth=65.0pt
* \marginparsep=11.0pt
* \columnsep=10.0pt
* \skip\footins=9.0pt plus 4.0pt minus 2.0pt
* \hoffset=0.0pt
* \voffset=0.0pt
* \mag=1000
* \@twocolumnfalse
* \@twosidefalse
* \@mparswitchfalse
* \@reversemarginfalse
* (1in=72.27pt=25.4mm, 1cm=28.453pt)

(C:\Program Files\MiKTeX 2.9\tex/context/base/mkii\supp-pdf.mkii
[Loading MPS to PDF converter (version 2006.09.02).]
\scratchcounter=\count288
\scratchdimen=\dimen173
\scratchbox=\box64
\nofMPsegments=\count289
\nofMParguments=\count290
\everyMPshowfont=\toks29
\MPscratchCnt=\count291
\MPscratchDim=\dimen174
\MPnumerator=\count292
\makeMPintoPDFobject=\count293
\everyMPtoPDFconversion=\toks30
) (C:\Program Files\MiKTeX 2.9\tex/latex/epstopdf-pkg\epstopdf-base.sty
Package: epstopdf-base 2020-01-24 v2.11 Base part for package epstopdf
Package epstopdf-base Info: Redefining graphics rule for `.eps' on input line 4
85.

(C:\Program Files\MiKTeX 2.9\tex/latex/00miktex\epstopdf-sys.cfg
File: epstopdf-sys.cfg 2021/03/18 v2.0 Configuration of epstopdf for MiKTeX
))
Package caption Info: Begin \AtBeginDocument code.
Package caption Info: float package is loaded.
Package caption Info: End \AtBeginDocument code.
LaTeX Font Info:    Trying to load font information for U+msa on input line 16.


(C:\Program Files\MiKTeX 2.9\tex/latex/amsfonts\umsa.fd
File: umsa.fd 2013/01/14 v3.01 AMS symbols A
)
LaTeX Font Info:    Trying to load font information for U+msb on input line 16.


(C:\Program Files\MiKTeX 2.9\tex/latex/amsfonts\umsb.fd
File: umsb.fd 2013/01/14 v3.01 AMS symbols B
)
Overfull \hbox (5.92711pt too wide) in paragraph at lines 18--20
\OT1/cmr/m/n/9 geom^^Setri-cas b^^Sasi-cas. El gra-fi-ca-dor fun-cio-na pa-ra f
un-cio-nes de-fi-ni-das pa-ra arre-glos num^^Seri-
 []


LaTeX Warning: Citation `Zelle2004' on page 1 undefined on input line 22.

[1

{C:/Users/micke/AppData/Local/MiKTeX/2.9/fonts/map/pdftex/pdftex.map}]
[2]

LaTeX Warning: Float too large for page by 2.61905pt on input line 110.

Package epstopdf Info: Source file: <figures/Seno.eps>
(epstopdf)                    date: 2022-08-20 15:40:19
(epstopdf)                    size: 186067 bytes
(epstopdf)             Output file: <figures/Seno-eps-converted-to.pdf>
(epstopdf)                    date: 2022-08-20 20:38:05
(epstopdf)                    size: 14166 bytes
(epstopdf)             Command: <miktex-epstopdf --outfile=figures/Seno-eps-con
verted-to.pdf figures/Seno.eps>
(epstopdf)             \includegraphics on input line 162.
Package epstopdf Info: Output file is already uptodate.


pdfTeX warning: pdflatex (file ./figures/Seno-eps-converted-to.pdf): PDF inclus
ion: found PDF version <1.7>, but at most version <1.5> allowed
<figures/Seno-eps-converted-to.pdf, id=26, 677.53125pt x 678.535pt>
File: figures/Seno-eps-converted-to.pdf Graphic file (type pdf)
<use figures/Seno-eps-converted-to.pdf>
Package pdftex.def Info: figures/Seno-eps-converted-to.pdf  used on input line 
162.
(pdftex.def)             Requested size: 203.26094pt x 203.56207pt.
[3] [4] [5 <./figures/Seno-eps-converted-to.pdf>]
Package epstopdf Info: Source file: <figures/Seno2x.eps>
(epstopdf)                    date: 2022-08-20 16:04:23
(epstopdf)                    size: 184843 bytes
(epstopdf)             Output file: <figures/Seno2x-eps-converted-to.pdf>
(epstopdf)                    date: 2022-08-20 20:38:07
(epstopdf)                    size: 14108 bytes
(epstopdf)             Command: <miktex-epstopdf --outfile=figures/Seno2x-eps-c
onverted-to.pdf figures/Seno2x.eps>
(epstopdf)             \includegraphics on input line 205.
Package epstopdf Info: Output file is already uptodate.


pdfTeX warning: pdflatex (file ./figures/Seno2x-eps-converted-to.pdf): PDF incl
usion: found PDF version <1.7>, but at most version <1.5> allowed
<figures/Seno2x-eps-converted-to.pdf, id=44, 677.53125pt x 678.535pt>
File: figures/Seno2x-eps-converted-to.pdf Graphic file (type pdf)
<use figures/Seno2x-eps-converted-to.pdf>
Package pdftex.def Info: figures/Seno2x-eps-converted-to.pdf  used on input lin
e 205.
(pdftex.def)             Requested size: 119.2467pt x 119.41838pt.
Package epstopdf Info: Source file: <figures/Seno05x.eps>
(epstopdf)                    date: 2022-08-20 16:16:30
(epstopdf)                    size: 189377 bytes
(epstopdf)             Output file: <figures/Seno05x-eps-converted-to.pdf>
(epstopdf)                    date: 2022-08-20 20:38:08
(epstopdf)                    size: 14390 bytes
(epstopdf)             Command: <miktex-epstopdf --outfile=figures/Seno05x-eps-
converted-to.pdf figures/Seno05x.eps>
(epstopdf)             \includegraphics on input line 212.
Package epstopdf Info: Output file is already uptodate.


pdfTeX warning: pdflatex (file ./figures/Seno05x-eps-converted-to.pdf): PDF inc
lusion: found PDF version <1.7>, but at most version <1.5> allowed
<figures/Seno05x-eps-converted-to.pdf, id=45, 677.53125pt x 678.535pt>
File: figures/Seno05x-eps-converted-to.pdf Graphic file (type pdf)
<use figures/Seno05x-eps-converted-to.pdf>
Package pdftex.def Info: figures/Seno05x-eps-converted-to.pdf  used on input li
ne 212.
(pdftex.def)             Requested size: 119.2467pt x 119.41838pt.
Package epstopdf Info: Source file: <figures/SenoCentrado.eps>
(epstopdf)                    date: 2022-08-20 16:16:47
(epstopdf)                    size: 187376 bytes
(epstopdf)             Output file: <figures/SenoCentrado-eps-converted-to.pdf>

(epstopdf)                    date: 2022-08-20 20:38:09
(epstopdf)                    size: 13319 bytes
(epstopdf)             Command: <miktex-epstopdf --outfile=figures/SenoCentrado
-eps-converted-to.pdf figures/SenoCentrado.eps>
(epstopdf)             \includegraphics on input line 219.
Package epstopdf Info: Output file is already uptodate.


pdfTeX warning: pdflatex (file ./figures/SenoCentrado-eps-converted-to.pdf): PD
F inclusion: found PDF version <1.7>, but at most version <1.5> allowed
<figures/SenoCentrado-eps-converted-to.pdf, id=46, 677.53125pt x 678.535pt>
File: figures/SenoCentrado-eps-converted-to.pdf Graphic file (type pdf)
<use figures/SenoCentrado-eps-converted-to.pdf>
Package pdftex.def Info: figures/SenoCentrado-eps-converted-to.pdf  used on inp
ut line 219.
(pdftex.def)             Requested size: 119.2467pt x 119.41838pt.
[6 <./figures/Seno2x-eps-converted-to.pdf> <./figures/Seno05x-eps-converted-to.
pdf> <./figures/SenoCentrado-eps-converted-to.pdf>]
LaTeX Font Info:    Trying to load font information for TS1+cmtt on input line 
238.

(C:\Program Files\MiKTeX 2.9\tex/latex/base\ts1cmtt.fd
File: ts1cmtt.fd 2019/12/16 v2.5j Standard LaTeX font definitions
)
Package epstopdf Info: Source file: <figures/graficaF.eps>
(epstopdf)                    date: 2022-08-20 16:23:25
(epstopdf)                    size: 182737 bytes
(epstopdf)             Output file: <figures/graficaF-eps-converted-to.pdf>
(epstopdf)                    date: 2022-08-20 20:38:11
(epstopdf)                    size: 13800 bytes
(epstopdf)             Command: <miktex-epstopdf --outfile=figures/graficaF-eps
-converted-to.pdf figures/graficaF.eps>
(epstopdf)             \includegraphics on input line 269.
Package epstopdf Info: Output file is already uptodate.


pdfTeX warning: pdflatex (file ./figures/graficaF-eps-converted-to.pdf): PDF in
clusion: found PDF version <1.7>, but at most version <1.5> allowed
<figures/graficaF-eps-converted-to.pdf, id=65, 677.53125pt x 678.535pt>
File: figures/graficaF-eps-converted-to.pdf Graphic file (type pdf)
<use figures/graficaF-eps-converted-to.pdf>
Package pdftex.def Info: figures/graficaF-eps-converted-to.pdf  used on input l
ine 269.
(pdftex.def)             Requested size: 119.2467pt x 119.41838pt.
Package epstopdf Info: Source file: <figures/graficaG.eps>
(epstopdf)                    date: 2022-08-20 16:41:09
(epstopdf)                    size: 353393 bytes
(epstopdf)             Output file: <figures/graficaG-eps-converted-to.pdf>
(epstopdf)                    date: 2022-08-20 20:38:12
(epstopdf)                    size: 21270 bytes
(epstopdf)             Command: <miktex-epstopdf --outfile=figures/graficaG-eps
-converted-to.pdf figures/graficaG.eps>
(epstopdf)             \includegraphics on input line 276.
Package epstopdf Info: Output file is already uptodate.


pdfTeX warning: pdflatex (file ./figures/graficaG-eps-converted-to.pdf): PDF in
clusion: found PDF version <1.7>, but at most version <1.5> allowed
<figures/graficaG-eps-converted-to.pdf, id=66, 677.53125pt x 678.535pt>
File: figures/graficaG-eps-converted-to.pdf Graphic file (type pdf)
<use figures/graficaG-eps-converted-to.pdf>
Package pdftex.def Info: figures/graficaG-eps-converted-to.pdf  used on input l
ine 276.
(pdftex.def)             Requested size: 119.2467pt x 119.41838pt.
Package epstopdf Info: Source file: <figures/graficaH.eps>
(epstopdf)                    date: 2022-08-20 16:41:30
(epstopdf)                    size: 180122 bytes
(epstopdf)             Output file: <figures/graficaH-eps-converted-to.pdf>
(epstopdf)                    date: 2022-08-20 20:38:14
(epstopdf)                    size: 12175 bytes
(epstopdf)             Command: <miktex-epstopdf --outfile=figures/graficaH-eps
-converted-to.pdf figures/graficaH.eps>
(epstopdf)             \includegraphics on input line 283.
Package epstopdf Info: Output file is already uptodate.


pdfTeX warning: pdflatex (file ./figures/graficaH-eps-converted-to.pdf): PDF in
clusion: found PDF version <1.7>, but at most version <1.5> allowed
<figures/graficaH-eps-converted-to.pdf, id=67, 677.53125pt x 678.535pt>
File: figures/graficaH-eps-converted-to.pdf Graphic file (type pdf)
<use figures/graficaH-eps-converted-to.pdf>
Package pdftex.def Info: figures/graficaH-eps-converted-to.pdf  used on input l
ine 283.
(pdftex.def)             Requested size: 119.2467pt x 119.41838pt.
Package epstopdf Info: Source file: <figures/Zoom1.eps>
(epstopdf)                    date: 2022-08-20 18:40:34
(epstopdf)                    size: 185693 bytes
(epstopdf)             Output file: <figures/Zoom1-eps-converted-to.pdf>
(epstopdf)                    date: 2022-08-20 20:38:15
(epstopdf)                    size: 14403 bytes
(epstopdf)             Command: <miktex-epstopdf --outfile=figures/Zoom1-eps-co
nverted-to.pdf figures/Zoom1.eps>
(epstopdf)             \includegraphics on input line 293.
Package epstopdf Info: Output file is already uptodate.


pdfTeX warning: pdflatex (file ./figures/Zoom1-eps-converted-to.pdf): PDF inclu
sion: found PDF version <1.7>, but at most version <1.5> allowed
<figures/Zoom1-eps-converted-to.pdf, id=68, 677.53125pt x 678.535pt>
File: figures/Zoom1-eps-converted-to.pdf Graphic file (type pdf)
<use figures/Zoom1-eps-converted-to.pdf>
Package pdftex.def Info: figures/Zoom1-eps-converted-to.pdf  used on input line
 293.
(pdftex.def)             Requested size: 119.2467pt x 119.41838pt.
Package epstopdf Info: Source file: <figures/Zoom2.eps>
(epstopdf)                    date: 2022-08-20 18:39:48
(epstopdf)                    size: 183622 bytes
(epstopdf)             Output file: <figures/Zoom2-eps-converted-to.pdf>
(epstopdf)                    date: 2022-08-20 20:38:16
(epstopdf)                    size: 14230 bytes
(epstopdf)             Command: <miktex-epstopdf --outfile=figures/Zoom2-eps-co
nverted-to.pdf figures/Zoom2.eps>
(epstopdf)             \includegraphics on input line 300.
Package epstopdf Info: Output file is already uptodate.


pdfTeX warning: pdflatex (file ./figures/Zoom2-eps-converted-to.pdf): PDF inclu
sion: found PDF version <1.7>, but at most version <1.5> allowed
<figures/Zoom2-eps-converted-to.pdf, id=69, 677.53125pt x 678.535pt>
File: figures/Zoom2-eps-converted-to.pdf Graphic file (type pdf)
<use figures/Zoom2-eps-converted-to.pdf>
Package pdftex.def Info: figures/Zoom2-eps-converted-to.pdf  used on input line
 300.
(pdftex.def)             Requested size: 119.2467pt x 119.41838pt.
Package epstopdf Info: Source file: <figures/Zoom3.eps>
(epstopdf)                    date: 2022-08-20 18:38:57
(epstopdf)                    size: 180185 bytes
(epstopdf)             Output file: <figures/Zoom3-eps-converted-to.pdf>
(epstopdf)                    date: 2022-08-20 20:38:17
(epstopdf)                    size: 13126 bytes
(epstopdf)             Command: <miktex-epstopdf --outfile=figures/Zoom3-eps-co
nverted-to.pdf figures/Zoom3.eps>
(epstopdf)             \includegraphics on input line 307.
Package epstopdf Info: Output file is already uptodate.


pdfTeX warning: pdflatex (file ./figures/Zoom3-eps-converted-to.pdf): PDF inclu
sion: found PDF version <1.7>, but at most version <1.5> allowed
<figures/Zoom3-eps-converted-to.pdf, id=70, 677.53125pt x 678.535pt>
File: figures/Zoom3-eps-converted-to.pdf Graphic file (type pdf)
<use figures/Zoom3-eps-converted-to.pdf>
Package pdftex.def Info: figures/Zoom3-eps-converted-to.pdf  used on input line
 307.
(pdftex.def)             Requested size: 119.2467pt x 119.41838pt.
[7 <./figures/graficaF-eps-converted-to.pdf> <./figures/graficaG-eps-converted-
to.pdf> <./figures/graficaH-eps-converted-to.pdf>]
No file Tarea01.bbl.
[8 <./figures/Zoom1-eps-converted-to.pdf> <./figures/Zoom2-eps-converted-to.pdf
> <./figures/Zoom3-eps-converted-to.pdf>]
(D:\Documents\Python\MN\Tarea01\build\Tarea01.aux
LaTeX Info: Redefining \. on input line 10.
LaTeX Info: Redefining \% on input line 10.
)

LaTeX Warning: There were undefined references.

 ) 
Here is how much of TeX's memory you used:
 7049 strings out of 477958
 120692 string characters out of 2834091
 474556 words of memory out of 3000000
 25750 multiletter control sequences out of 15000+600000
 480263 words of font info for 71 fonts, out of 8000000 for 9000
 1141 hyphenation exceptions out of 8191
 55i,19n,63p,1141b,558s stack positions out of 10000i,1000n,20000p,200000b,80000s
 <C:\Users\micke\AppData\Local\MiKTeX\2.9\fonts/pk/ljfour/jknappen/ec/dpi600\
tctt1000.pk><C:/Program Files/MiKTeX 2.9/fonts/type1/public/amsfonts/cm/cmbx10.
pfb><C:/Program Files/MiKTeX 2.9/fonts/type1/public/amsfonts/cm/cmbx12.pfb><C:/
Program Files/MiKTeX 2.9/fonts/type1/public/amsfonts/cm/cmbx7.pfb><C:/Program F
iles/MiKTeX 2.9/fonts/type1/public/amsfonts/cm/cmbx9.pfb><C:/Program Files/MiKT
eX 2.9/fonts/type1/public/amsfonts/cm/cmex10.pfb><C:/Program Files/MiKTeX 2.9/f
onts/type1/public/amsfonts/cmextra/cmex9.pfb><C:/Program Files/MiKTeX 2.9/fonts
/type1/public/amsfonts/cm/cmmi10.pfb><C:/Program Files/MiKTeX 2.9/fonts/type1/p
ublic/amsfonts/cm/cmmi5.pfb><C:/Program Files/MiKTeX 2.9/fonts/type1/public/ams
fonts/cm/cmmi6.pfb><C:/Program Files/MiKTeX 2.9/fonts/type1/public/amsfonts/cm/
cmmi7.pfb><C:/Program Files/MiKTeX 2.9/fonts/type1/public/amsfonts/cm/cmmi9.pfb
><C:/Program Files/MiKTeX 2.9/fonts/type1/public/amsfonts/cm/cmr10.pfb><C:/Prog
ram Files/MiKTeX 2.9/fonts/type1/public/amsfonts/cm/cmr12.pfb><C:/Program Files
/MiKTeX 2.9/fonts/type1/public/amsfonts/cm/cmr17.pfb><C:/Program Files/MiKTeX 2
.9/fonts/type1/public/amsfonts/cm/cmr6.pfb><C:/Program Files/MiKTeX 2.9/fonts/t
ype1/public/amsfonts/cm/cmr7.pfb><C:/Program Files/MiKTeX 2.9/fonts/type1/publi
c/amsfonts/cm/cmr9.pfb><C:/Program Files/MiKTeX 2.9/fonts/type1/public/amsfonts
/cm/cmsy10.pfb><C:/Program Files/MiKTeX 2.9/fonts/type1/public/amsfonts/cm/cmsy
7.pfb><C:/Program Files/MiKTeX 2.9/fonts/type1/public/amsfonts/cm/cmsy9.pfb><C:
/Program Files/MiKTeX 2.9/fonts/type1/public/amsfonts/cm/cmti10.pfb><C:/Program
 Files/MiKTeX 2.9/fonts/type1/public/amsfonts/cm/cmtt10.pfb><C:/Program Files/M
iKTeX 2.9/fonts/type1/public/amsfonts/cm/cmtt9.pfb><C:/Program Files/MiKTeX 2.9
/fonts/type1/public/amsfonts/symbols/msbm10.pfb>
Output written on D:\Documents\Python\MN\Tarea01\build\Tarea01.pdf (8 pages, 43
0753 bytes).
PDF statistics:
 215 PDF objects out of 1000 (max. 8388607)
 0 named destinations out of 1000 (max. 500000)
 51 words of extra memory for PDF output out of 10000 (max. 10000000)

